<?xml version="1.0" encoding="UTF-8"?>
<!-- Generated by org.testng.reporters.JUnitReportReporter -->
<testsuite hostname="Nishkarsh" failures="0" tests="1" name="razorpayApi.RazorpayOrderTest" time="2.229" errors="0" timestamp="2025-06-26T12:51:49 IST" skipped="0">
  <testcase classname="razorpayApi.RazorpayOrderTest" name="cancelPaymentLink" time="2.229"/>
</testsuite> <!-- razorpayApi.RazorpayOrderTest -->
