<?xml version="1.0" encoding="UTF-8"?>
<!-- Generated by org.testng.reporters.JUnitReportReporter -->
<testsuite hostname="Nishkarsh" failures="0" tests="1" name="org.Mukesh.MyRestAssured.BasicCRUD" time="2.275" errors="0" timestamp="2025-06-26T11:03:38 IST" skipped="0">
  <testcase classname="org.Mukesh.MyRestAssured.BasicCRUD" name="extractResponse" time="2.275"/>
</testsuite> <!-- org.Mukesh.MyRestAssured.BasicCRUD -->
